<?xml version="1.0" ?>
<coverage version="7.13.0" timestamp="1765255309745" lines-valid="15" lines-covered="15" line-rate="1" branches-valid="4" branches-covered="2" branch-rate="0.5" complexity="0">
	<!-- Generated by coverage.py: https://coverage.readthedocs.io/en/7.13.0 -->
	<!-- Based on https://raw.githubusercontent.com/cobertura/web/master/htdocs/xml/coverage-04.dtd -->
	<sources>
		<source>C:\Users\richa\workspace_local\naay</source>
	</sources>
	<packages>
		<package name="src.naay" line-rate="1" branch-rate="0.5" complexity="0">
			<classes>
				<class name="__init__.py" filename="src/naay/__init__.py" complexity="0" line-rate="1" branch-rate="0.5">
					<methods/>
					<lines>
						<line number="3" hits="1"/>
						<line number="5" hits="1"/>
						<line number="6" hits="1"/>
						<line number="7" hits="1"/>
						<line number="9" hits="1"/>
						<line number="11" hits="1"/>
						<line number="20" hits="1"/>
						<line number="23" hits="1"/>
						<line number="24" hits="1" branch="true" condition-coverage="50% (1/2)" missing-branches="exit"/>
						<line number="25" hits="1" branch="true" condition-coverage="50% (1/2)" missing-branches="exit"/>
						<line number="28" hits="1"/>
						<line number="31" hits="1"/>
						<line number="37" hits="1"/>
						<line number="40" hits="1"/>
						<line number="46" hits="1"/>
					</lines>
				</class>
			</classes>
		</package>
	</packages>
</coverage>
